<?xml version="1.0" encoding="UTF-8"?>
<testng-results ignored="0" total="1" passed="1" failed="0" skipped="0">
  <reporter-output>
  </reporter-output>
  <suite started-at="2023-07-03T00:47:22 AMT" name="All Test Suite" finished-at="2023-07-03T00:47:23 AMT" duration-ms="259">
    <groups>
      <group name="smoke">
        <method signature="DataProviderTest.test1()[pri:0, instance:DataProviderTest@223f3642]" name="test1" class="DataProviderTest"/>
      </group> <!-- smoke -->
    </groups>
    <test started-at="2023-07-03T00:47:22 AMT" name="/home/sofi/java/DataProvider/src/main/resources" finished-at="2023-07-03T00:47:23 AMT" duration-ms="259">
      <class name="DataProviderTest">
        <test-method signature="test1()[pri:0, instance:DataProviderTest@223f3642]" started-at="2023-07-03T00:47:23 AMT" name="test1" finished-at="2023-07-03T00:47:23 AMT" duration-ms="21" status="PASS">
          <reporter-output>
          </reporter-output>
        </test-method> <!-- test1 -->
      </class> <!-- DataProviderTest -->
    </test> <!-- /home/sofi/java/DataProvider/src/main/resources -->
  </suite> <!-- All Test Suite -->
</testng-results>
